<?xml version="1.0" encoding="UTF-8"?>
<!-- Generated by org.testng.reporters.JUnitXMLReporter -->
<testsuite ignored="0" hostname="NSL-6512" failures="0" tests="3" name="Default test" time="0.931" errors="0" timestamp="2022-06-20T11:03:19 IST">
  <testcase classname="abstracted.CustomisedRunner" name="@BeforeTest setupTest" time="-1.655703198876E9">
    <failure type="org.testng.TestNGException" message="
Parameter &amp;apos;browser&amp;apos; is required by BeforeTest on method setupTest but has not been marked @Optional or defined
in C:\Users\rajs\AppData\Local\Temp\testng-eclipse-932988261\testng-customsuite.xml">
      <![CDATA[org.testng.TestNGException: 
Parameter 'browser' is required by BeforeTest on method setupTest but has not been marked @Optional or defined
in C:\Users\rajs\AppData\Local\Temp\testng-eclipse-932988261\testng-customsuite.xml
at org.testng.internal.Parameters.createParams(Parameters.java:270)
at org.testng.internal.Parameters.createParametersForMethod(Parameters.java:358)
at org.testng.internal.Parameters.createParameters(Parameters.java:700)
at org.testng.internal.Parameters.createConfigurationParameters(Parameters.java:168)
at org.testng.internal.ConfigInvoker.invokeConfigurations(ConfigInvoker.java:302)
at org.testng.TestRunner.invokeTestConfigurations(TestRunner.java:637)
at org.testng.TestRunner.beforeRun(TestRunner.java:627)
at org.testng.TestRunner.run(TestRunner.java:589)
at org.testng.SuiteRunner.runTest(SuiteRunner.java:377)
at org.testng.SuiteRunner.runSequentially(SuiteRunner.java:371)
at org.testng.SuiteRunner.privateRun(SuiteRunner.java:332)
at org.testng.SuiteRunner.run(SuiteRunner.java:276)
at org.testng.SuiteRunnerWorker.runSuite(SuiteRunnerWorker.java:53)
at org.testng.SuiteRunnerWorker.run(SuiteRunnerWorker.java:96)
at org.testng.TestNG.runSuitesSequentially(TestNG.java:1212)
at org.testng.TestNG.runSuitesLocally(TestNG.java:1134)
at org.testng.TestNG.runSuites(TestNG.java:1063)
at org.testng.TestNG.run(TestNG.java:1031)
at org.testng.remote.AbstractRemoteTestNG.run(AbstractRemoteTestNG.java:115)
at org.testng.remote.RemoteTestNG.initAndRun(RemoteTestNG.java:251)
at org.testng.remote.RemoteTestNG.main(RemoteTestNG.java:77)
]]>
    </failure>
  </testcase> <!-- @BeforeTest setupTest -->
  <testcase classname="abstracted.CustomisedRunner" name="@AfterMethod f1" time="-1.655703199747E9">
    <skipped/>
  </testcase> <!-- @AfterMethod f1 -->
  <testcase classname="abstracted.CustomisedRunner" name="@AfterMethod f1" time="-1.655703199753E9">
    <skipped/>
  </testcase> <!-- @AfterMethod f1 -->
  <testcase classname="abstracted.CustomisedRunner" name="@AfterMethod f1" time="-1.655703199759E9">
    <skipped/>
  </testcase> <!-- @AfterMethod f1 -->
  <testcase classname="abstracted.CustomisedRunner" name="@AfterClass afterClass" time="-1.655703199761E9">
    <skipped/>
  </testcase> <!-- @AfterClass afterClass -->
  <testcase classname="io.cucumber.testng.AbstractTestNGCucumberTests" name="runScenario" time="0.0">
    <skipped/>
  </testcase> <!-- runScenario -->
  <testcase classname="io.cucumber.testng.AbstractTestNGCucumberTests" name="runScenario" time="0.0">
    <skipped/>
  </testcase> <!-- runScenario -->
  <testcase classname="Runner.Runner2" name="runScenarios" time="0.0">
    <skipped/>
  </testcase> <!-- runScenarios -->
</testsuite> <!-- Default test -->
