<?xml version="1.0" encoding="UTF-8"?>
<!-- Generated by org.testng.reporters.JUnitReportReporter -->
<testsuite hostname="NSL-6578" failures="0" tests="4" name="Runner.TestRunner" time="0.259" errors="3" timestamp="2022-06-19T12:08:32 IST" skipped="0">
  <testcase classname="Runner.TestRunner" name="runScenario" time="0.214">
    <error message="Unresolved compilation problem: 
	The method readFileBrwoserProperty(String) in the type ReadPropertyFile is not applicable for the arguments ()
" type="java.lang.Error">
      <![CDATA[java.lang.Error: Unresolved compilation problem: 
The method readFileBrwoserProperty(String) in the type ReadPropertyFile is not applicable for the arguments ()

at pages.Home.openURL(Home.java:23)
at StepDefinitions.Search.user_should_be_on_amazon_home_page(Search.java:18)
at ✽.User should be on amazon home page(file:///C:/WorkSpace/cucumberWithTestNG/src/test/java/Features/Search.feature:24)
]]>
    </error>
  </testcase> <!-- runScenario -->
  <system-out/>
  <testcase classname="Runner.TestRunner" name="runScenario" time="0.014">
    <error message="Cannot invoke &quot;org.openqa.selenium.WebDriver.findElement(org.openqa.selenium.By)&quot; because &quot;driver&quot; is null" type="java.lang.NullPointerException">
      <![CDATA[java.lang.NullPointerException: Cannot invoke "org.openqa.selenium.WebDriver.findElement(org.openqa.selenium.By)" because "driver" is null
at pages.ContactMe.nameField(ContactMe.java:29)
at pages.ContactMe.enterName(ContactMe.java:46)
at StepDefinitions.WidgetTest.user_enters_in_full_name_field(WidgetTest.java:23)
at ✽.user enters raj in full name field(file:///C:/WorkSpace/cucumberWithTestNG/src/test/java/Features/Widgettesting.feature:27)
]]>
    </error>
  </testcase> <!-- runScenario -->
  <system-out/>
  <testcase classname="Runner.TestRunner" name="runScenario" time="0.030">
    <error message="Cannot invoke &quot;org.openqa.selenium.WebDriver.findElement(org.openqa.selenium.By)&quot; because &quot;driver&quot; is null" type="java.lang.NullPointerException">
      <![CDATA[java.lang.NullPointerException: Cannot invoke "org.openqa.selenium.WebDriver.findElement(org.openqa.selenium.By)" because "driver" is null
at pages.ContactMe.nameField(ContactMe.java:29)
at pages.ContactMe.enterName(ContactMe.java:46)
at StepDefinitions.WidgetTest.user_enters_in_full_name_field(WidgetTest.java:23)
at ✽.user enters katyayan in full name field(file:///C:/WorkSpace/cucumberWithTestNG/src/test/java/Features/Widgettesting.feature:27)
]]>
    </error>
  </testcase> <!-- runScenario -->
  <system-out/>
  <testcase classname="Runner.TestRunner" name="runScenarios" time="0.001"/>
  <system-out/>
</testsuite> <!-- Runner.TestRunner -->
